<?xml version="1.0" encoding="UTF-8"?>
<!-- Generated by org.testng.reporters.JUnitXMLReporter -->
<testsuite ignored="0" hostname="NDL01618" failures="3" tests="5" name="Test" time="62.596" errors="0" timestamp="2023-01-18T12:43:23 IST">
  <testcase classname="central.TestCases.TC01_SCExtLogin" name="Login" time="25.051"/>
  <testcase classname="central.TestCases.TC01_SCExtLogin" name="Login" time="25.059">
    <failure type="java.lang.NullPointerException" message="Cannot invoke &amp;quot;org.openqa.selenium.TakesScreenshot.getScreenshotAs(org.openqa.selenium.OutputType)&amp;quot; because &amp;quot;ts&amp;quot; is null">
      <![CDATA[java.lang.NullPointerException: Cannot invoke "org.openqa.selenium.TakesScreenshot.getScreenshotAs(org.openqa.selenium.OutputType)" because "ts" is null
at central.TestCases.CommonClass.capturescreen(CommonClass.java:80)
at central.Utilities.ExtentListener.onTestSuccess(ExtentListener.java:38)
at java.base/java.util.concurrent.ThreadPoolExecutor.runWorker(ThreadPoolExecutor.java:1136)
at java.base/java.util.concurrent.ThreadPoolExecutor$Worker.run(ThreadPoolExecutor.java:635)
at java.base/java.lang.Thread.run(Thread.java:833)
... Removed 9 stack frames]]>
    </failure>
  </testcase> <!-- Login -->
  <testcase classname="central.TestCases.TC01_SCExtLogin" name="Login" time="31.446"/>
  <testcase classname="central.TestCases.TC02_SCCreateExtuser" name="CreateExtuser" time="26.982">
    <failure type="java.lang.NullPointerException" message="Cannot invoke &amp;quot;org.openqa.selenium.JavascriptExecutor.executeScript(String, Object[])&amp;quot; because &amp;quot;js&amp;quot; is null">
      <![CDATA[java.lang.NullPointerException: Cannot invoke "org.openqa.selenium.JavascriptExecutor.executeScript(String, Object[])" because "js" is null
at central.PageObject.SCCreateExtuser.createuser(SCCreateExtuser.java:129)
at central.TestCases.TC02_SCCreateExtuser.CreateExtuser(TC02_SCCreateExtuser.java:18)
at java.base/java.util.concurrent.ThreadPoolExecutor.runWorker(ThreadPoolExecutor.java:1136)
at java.base/java.util.concurrent.ThreadPoolExecutor$Worker.run(ThreadPoolExecutor.java:635)
at java.base/java.lang.Thread.run(Thread.java:833)
... Removed 12 stack frames]]>
    </failure>
  </testcase> <!-- CreateExtuser -->
  <testcase classname="central.TestCases.TC03_SCRole" name="roleCreateUpdate" time="15.521">
    <failure type="java.lang.NullPointerException" message="Cannot invoke &amp;quot;org.openqa.selenium.WebDriver.manage()&amp;quot; because &amp;quot;this.driver&amp;quot; is null">
      <![CDATA[java.lang.NullPointerException: Cannot invoke "org.openqa.selenium.WebDriver.manage()" because "this.driver" is null
at central.PageObject.SCRole.role(SCRole.java:102)
at central.TestCases.TC03_SCRole.roleCreateUpdate(TC03_SCRole.java:16)
at java.base/java.util.concurrent.ThreadPoolExecutor.runWorker(ThreadPoolExecutor.java:1136)
at java.base/java.util.concurrent.ThreadPoolExecutor$Worker.run(ThreadPoolExecutor.java:635)
at java.base/java.lang.Thread.run(Thread.java:833)
... Removed 12 stack frames]]>
    </failure>
  </testcase> <!-- roleCreateUpdate -->
</testsuite> <!-- Test -->
